400000
TMPDIR = /scratch/global/yangjunjie/phi/546435/
PYSCF_TMPDIR = /scratch/global/yangjunjie/phi/546435/
z.shape = (1728, 257), nip = 257
k1 =    0, k2 =    0, k3 =    0, k4 =    0, info =  1.72e-07,  1.72e-07,  8.54e-06,  8.54e-06,  2.66e-07
k1 =    0, k2 =    0, k3 =    1, k4 =    1, info =  1.72e-07,  1.72e-07,  8.54e-06,  8.54e-06,  2.66e-07
k1 =    0, k2 =    0, k3 =    2, k4 =    2, info =  1.72e-07,  1.72e-07,  8.54e-06,  8.54e-06,  2.66e-07
k1 =    0, k2 =    0, k3 =    3, k4 =    3, info =  1.72e-07,  1.72e-07,  8.54e-06,  8.54e-06,  2.66e-07
k1 =    0, k2 =    0, k3 =    4, k4 =    4, info =  1.72e-07,  9.51e-08,  8.54e-06,  4.10e-06,  1.39e-07
k1 =    0, k2 =    0, k3 =    5, k4 =    5, info =  1.72e-07,  9.51e-08,  8.54e-06,  4.11e-06,  1.39e-07
k1 =    0, k2 =    0, k3 =    6, k4 =    6, info =  1.72e-07,  9.51e-08,  8.54e-06,  4.11e-06,  1.39e-07
k1 =    0, k2 =    0, k3 =    7, k4 =    7, info =  1.72e-07,  9.51e-08,  8.54e-06,  4.11e-06,  1.39e-07
k1 =    0, k2 =    0, k3 =    8, k4 =    8, info =  1.72e-07,  1.09e-07,  8.54e-06,  3.52e-06,  2.26e-07
k1 =    0, k2 =    0, k3 =    9, k4 =    9, info =  1.72e-07,  1.09e-07,  8.54e-06,  3.52e-06,  2.26e-07
k1 =    0, k2 =    0, k3 =   10, k4 =   10, info =  1.72e-07,  1.09e-07,  8.54e-06,  3.52e-06,  2.26e-07
k1 =    0, k2 =    0, k3 =   11, k4 =   11, info =  1.72e-07,  1.09e-07,  8.54e-06,  3.52e-06,  2.26e-07
k1 =    0, k2 =    0, k3 =   12, k4 =   12, info =  1.72e-07,  9.51e-08,  8.54e-06,  4.10e-06,  1.39e-07
k1 =    0, k2 =    0, k3 =   13, k4 =   13, info =  1.72e-07,  9.51e-08,  8.54e-06,  4.11e-06,  1.39e-07
k1 =    0, k2 =    0, k3 =   14, k4 =   14, info =  1.72e-07,  9.51e-08,  8.54e-06,  4.11e-06,  1.39e-07
k1 =    0, k2 =    0, k3 =   15, k4 =   15, info =  1.72e-07,  9.51e-08,  8.54e-06,  4.11e-06,  1.39e-07
k1 =    0, k2 =    0, k3 =   16, k4 =   16, info =  1.72e-07,  1.07e-07,  8.54e-06,  4.35e-06,  1.15e-07
k1 =    0, k2 =    0, k3 =   17, k4 =   17, info =  1.72e-07,  1.07e-07,  8.54e-06,  4.35e-06,  1.15e-07
k1 =    0, k2 =    0, k3 =   18, k4 =   18, info =  1.72e-07,  1.07e-07,  8.54e-06,  4.36e-06,  1.15e-07
k1 =    0, k2 =    0, k3 =   19, k4 =   19, info =  1.72e-07,  1.07e-07,  8.54e-06,  4.35e-06,  1.15e-07
k1 =    0, k2 =    0, k3 =   20, k4 =   20, info =  1.72e-07,  3.85e-08,  8.54e-06,  1.41e-06,  1.49e-07
k1 =    0, k2 =    0, k3 =   21, k4 =   21, info =  1.72e-07,  3.88e-08,  8.54e-06,  1.41e-06,  1.49e-07
k1 =    0, k2 =    0, k3 =   22, k4 =   22, info =  1.72e-07,  3.86e-08,  8.54e-06,  1.41e-06,  1.49e-07
k1 =    0, k2 =    0, k3 =   23, k4 =   23, info =  1.72e-07,  3.83e-08,  8.54e-06,  1.41e-06,  1.49e-07
k1 =    0, k2 =    0, k3 =   24, k4 =   24, info =  1.72e-07,  1.06e-07,  8.54e-06,  3.23e-06,  1.48e-07
k1 =    0, k2 =    0, k3 =   25, k4 =   25, info =  1.72e-07,  1.06e-07,  8.54e-06,  3.23e-06,  1.48e-07
k1 =    0, k2 =    0, k3 =   26, k4 =   26, info =  1.72e-07,  1.06e-07,  8.54e-06,  3.23e-06,  1.48e-07
k1 =    0, k2 =    0, k3 =   27, k4 =   27, info =  1.72e-07,  1.06e-07,  8.54e-06,  3.23e-06,  1.48e-07
k1 =    0, k2 =    0, k3 =   28, k4 =   28, info =  1.72e-07,  3.17e-08,  8.54e-06,  1.39e-06,  1.49e-07
k1 =    0, k2 =    0, k3 =   29, k4 =   29, info =  1.72e-07,  3.17e-08,  8.54e-06,  1.39e-06,  1.49e-07
k1 =    0, k2 =    0, k3 =   30, k4 =   30, info =  1.72e-07,  3.18e-08,  8.54e-06,  1.38e-06,  1.49e-07
k1 =    0, k2 =    0, k3 =   31, k4 =   31, info =  1.72e-07,  3.17e-08,  8.54e-06,  1.39e-06,  1.49e-07
k1 =    0, k2 =    0, k3 =   32, k4 =   32, info =  1.72e-07,  1.47e-07,  8.54e-06,  4.06e-06,  1.15e-07
k1 =    0, k2 =    0, k3 =   33, k4 =   33, info =  1.72e-07,  1.47e-07,  8.54e-06,  4.06e-06,  1.15e-07
k1 =    0, k2 =    0, k3 =   34, k4 =   34, info =  1.72e-07,  1.47e-07,  8.54e-06,  4.06e-06,  1.15e-07
k1 =    0, k2 =    0, k3 =   35, k4 =   35, info =  1.72e-07,  1.47e-07,  8.54e-06,  4.06e-06,  1.15e-07
k1 =    0, k2 =    0, k3 =   36, k4 =   36, info =  1.72e-07,  1.05e-07,  8.54e-06,  4.56e-06,  1.70e-07
k1 =    0, k2 =    0, k3 =   37, k4 =   37, info =  1.72e-07,  1.05e-07,  8.54e-06,  4.56e-06,  1.70e-07
k1 =    0, k2 =    0, k3 =   38, k4 =   38, info =  1.72e-07,  1.05e-07,  8.54e-06,  4.56e-06,  1.70e-07
k1 =    0, k2 =    0, k3 =   39, k4 =   39, info =  1.72e-07,  1.05e-07,  8.54e-06,  4.56e-06,  1.70e-07
k1 =    0, k2 =    0, k3 =   40, k4 =   40, info =  1.72e-07,  1.39e-07,  8.54e-06,  7.15e-06,  6.95e-08
k1 =    0, k2 =    0, k3 =   41, k4 =   41, info =  1.72e-07,  1.39e-07,  8.54e-06,  7.15e-06,  6.95e-08
k1 =    0, k2 =    0, k3 =   42, k4 =   42, info =  1.72e-07,  1.39e-07,  8.54e-06,  7.15e-06,  6.95e-08
k1 =    0, k2 =    0, k3 =   43, k4 =   43, info =  1.72e-07,  1.39e-07,  8.54e-06,  7.15e-06,  6.95e-08
k1 =    0, k2 =    0, k3 =   44, k4 =   44, info =  1.72e-07,  1.05e-07,  8.54e-06,  4.56e-06,  1.70e-07
k1 =    0, k2 =    0, k3 =   45, k4 =   45, info =  1.72e-07,  1.05e-07,  8.54e-06,  4.56e-06,  1.70e-07
k1 =    0, k2 =    0, k3 =   46, k4 =   46, info =  1.72e-07,  1.05e-07,  8.54e-06,  4.56e-06,  1.70e-07
k1 =    0, k2 =    0, k3 =   47, k4 =   47, info =  1.72e-07,  1.05e-07,  8.54e-06,  4.56e-06,  1.70e-07
k1 =    0, k2 =    0, k3 =   48, k4 =   48, info =  1.72e-07,  1.07e-07,  8.54e-06,  4.35e-06,  1.15e-07
k1 =    0, k2 =    0, k3 =   49, k4 =   49, info =  1.72e-07,  1.07e-07,  8.54e-06,  4.35e-06,  1.15e-07
k1 =    0, k2 =    0, k3 =   50, k4 =   50, info =  1.72e-07,  1.07e-07,  8.54e-06,  4.36e-06,  1.15e-07
k1 =    0, k2 =    0, k3 =   51, k4 =   51, info =  1.72e-07,  1.07e-07,  8.54e-06,  4.35e-06,  1.15e-07
k1 =    0, k2 =    0, k3 =   52, k4 =   52, info =  1.72e-07,  3.17e-08,  8.54e-06,  1.39e-06,  1.49e-07
k1 =    0, k2 =    0, k3 =   53, k4 =   53, info =  1.72e-07,  3.17e-08,  8.54e-06,  1.39e-06,  1.49e-07
k1 =    0, k2 =    0, k3 =   54, k4 =   54, info =  1.72e-07,  3.18e-08,  8.54e-06,  1.38e-06,  1.49e-07
k1 =    0, k2 =    0, k3 =   55, k4 =   55, info =  1.72e-07,  3.17e-08,  8.54e-06,  1.39e-06,  1.49e-07
k1 =    0, k2 =    0, k3 =   56, k4 =   56, info =  1.72e-07,  1.06e-07,  8.54e-06,  3.23e-06,  1.48e-07
k1 =    0, k2 =    0, k3 =   57, k4 =   57, info =  1.72e-07,  1.06e-07,  8.54e-06,  3.23e-06,  1.48e-07
k1 =    0, k2 =    0, k3 =   58, k4 =   58, info =  1.72e-07,  1.06e-07,  8.54e-06,  3.23e-06,  1.48e-07
k1 =    0, k2 =    0, k3 =   59, k4 =   59, info =  1.72e-07,  1.06e-07,  8.54e-06,  3.23e-06,  1.48e-07
k1 =    0, k2 =    0, k3 =   60, k4 =   60, info =  1.72e-07,  3.85e-08,  8.54e-06,  1.41e-06,  1.49e-07
k1 =    0, k2 =    0, k3 =   61, k4 =   61, info =  1.72e-07,  3.83e-08,  8.54e-06,  1.41e-06,  1.49e-07
k1 =    0, k2 =    0, k3 =   62, k4 =   62, info =  1.72e-07,  3.86e-08,  8.54e-06,  1.41e-06,  1.49e-07
k1 =    0, k2 =    0, k3 =   63, k4 =   63, info =  1.72e-07,  3.88e-08,  8.54e-06,  1.41e-06,  1.49e-07
k1 =    0, k2 =    1, k3 =    0, k4 =    3, info =  1.72e-07,  1.72e-07,  8.15e-06,  2.61e+01,  3.17e-06
k1 =    0, k2 =    1, k3 =    1, k4 =    0, info =  1.72e-07,  1.72e-07,  8.15e-06,  2.61e+01,  3.17e-06
k1 =    0, k2 =    1, k3 =    2, k4 =    1, info =  1.72e-07,  1.72e-07,  8.15e-06,  2.61e+01,  3.18e-06
k1 =    0, k2 =    1, k3 =    3, k4 =    2, info =  1.72e-07,  1.72e-07,  8.15e-06,  2.61e+01,  3.18e-06
k1 =    0, k2 =    1, k3 =    4, k4 =    7, info =  1.72e-07,  9.52e-08,  8.15e-06,  2.45e+01,  1.68e-06
k1 =    0, k2 =    1, k3 =    5, k4 =    4, info =  1.72e-07,  9.52e-08,  8.15e-06,  2.45e+01,  1.68e-06
k1 =    0, k2 =    1, k3 =    6, k4 =    5, info =  1.72e-07,  9.52e-08,  8.15e-06,  2.45e+01,  1.69e-06
k1 =    0, k2 =    1, k3 =    7, k4 =    6, info =  1.72e-07,  9.52e-08,  8.15e-06,  2.45e+01,  1.69e-06
k1 =    0, k2 =    1, k3 =    8, k4 =   11, info =  1.72e-07,  1.09e-07,  8.15e-06,  2.29e+01,  2.65e-06
k1 =    0, k2 =    1, k3 =    9, k4 =    8, info =  1.72e-07,  1.09e-07,  8.15e-06,  2.29e+01,  2.65e-06
k1 =    0, k2 =    1, k3 =   10, k4 =    9, info =  1.72e-07,  1.09e-07,  8.15e-06,  2.29e+01,  2.65e-06
k1 =    0, k2 =    1, k3 =   11, k4 =   10, info =  1.72e-07,  1.09e-07,  8.15e-06,  2.29e+01,  2.65e-06
k1 =    0, k2 =    1, k3 =   12, k4 =   15, info =  1.72e-07,  9.52e-08,  8.15e-06,  2.45e+01,  1.68e-06
k1 =    0, k2 =    1, k3 =   13, k4 =   12, info =  1.72e-07,  9.52e-08,  8.15e-06,  2.45e+01,  1.68e-06
k1 =    0, k2 =    1, k3 =   14, k4 =   13, info =  1.72e-07,  9.52e-08,  8.15e-06,  2.45e+01,  1.69e-06
k1 =    0, k2 =    1, k3 =   15, k4 =   14, info =  1.72e-07,  9.52e-08,  8.15e-06,  2.45e+01,  1.69e-06
k1 =    0, k2 =    1, k3 =   16, k4 =   19, info =  1.72e-07,  1.07e-07,  8.15e-06,  2.45e+01,  1.11e-06
k1 =    0, k2 =    1, k3 =   17, k4 =   16, info =  1.72e-07,  1.07e-07,  8.15e-06,  2.45e+01,  1.11e-06
k1 =    0, k2 =    1, k3 =   18, k4 =   17, info =  1.72e-07,  1.07e-07,  8.15e-06,  2.45e+01,  1.11e-06
k1 =    0, k2 =    1, k3 =   19, k4 =   18, info =  1.72e-07,  1.07e-07,  8.15e-06,  2.45e+01,  1.11e-06
k1 =    0, k2 =    1, k3 =   20, k4 =   23, info =  1.72e-07,  3.84e-08,  8.15e-06,  2.31e+01,  1.11e-06
k1 =    0, k2 =    1, k3 =   21, k4 =   20, info =  1.72e-07,  3.86e-08,  8.15e-06,  2.31e+01,  1.11e-06
k1 =    0, k2 =    1, k3 =   22, k4 =   21, info =  1.72e-07,  3.87e-08,  8.15e-06,  2.31e+01,  1.11e-06
k1 =    0, k2 =    1, k3 =   23, k4 =   22, info =  1.72e-07,  3.84e-08,  8.15e-06,  2.31e+01,  1.11e-06
k1 =    0, k2 =    1, k3 =   24, k4 =   27, info =  1.72e-07,  1.06e-07,  8.15e-06,  2.18e+01,  1.66e-06
k1 =    0, k2 =    1, k3 =   25, k4 =   24, info =  1.72e-07,  1.06e-07,  8.15e-06,  2.18e+01,  1.66e-06
k1 =    0, k2 =    1, k3 =   26, k4 =   25, info =  1.72e-07,  1.06e-07,  8.15e-06,  2.18e+01,  1.67e-06
k1 =    0, k2 =    1, k3 =   27, k4 =   26, info =  1.72e-07,  1.06e-07,  8.15e-06,  2.18e+01,  1.67e-06
k1 =    0, k2 =    1, k3 =   28, k4 =   31, info =  1.72e-07,  3.17e-08,  8.15e-06,  2.31e+01,  1.11e-06
k1 =    0, k2 =    1, k3 =   29, k4 =   28, info =  1.72e-07,  3.17e-08,  8.15e-06,  2.31e+01,  1.11e-06
k1 =    0, k2 =    1, k3 =   30, k4 =   29, info =  1.72e-07,  3.17e-08,  8.15e-06,  2.31e+01,  1.11e-06
k1 =    0, k2 =    1, k3 =   31, k4 =   30, info =  1.72e-07,  3.17e-08,  8.15e-06,  2.31e+01,  1.11e-06
k1 =    0, k2 =    1, k3 =   32, k4 =   35, info =  1.72e-07,  1.47e-07,  8.15e-06,  2.29e+01,  1.75e-06
k1 =    0, k2 =    1, k3 =   33, k4 =   32, info =  1.72e-07,  1.47e-07,  8.15e-06,  2.29e+01,  1.75e-06
k1 =    0, k2 =    1, k3 =   34, k4 =   33, info =  1.72e-07,  1.47e-07,  8.15e-06,  2.29e+01,  1.75e-06
k1 =    0, k2 =    1, k3 =   35, k4 =   34, info =  1.72e-07,  1.47e-07,  8.15e-06,  2.29e+01,  1.75e-06
k1 =    0, k2 =    1, k3 =   36, k4 =   39, info =  1.72e-07,  1.05e-07,  8.15e-06,  2.18e+01,  2.11e-06
k1 =    0, k2 =    1, k3 =   37, k4 =   36, info =  1.72e-07,  1.05e-07,  8.15e-06,  2.18e+01,  2.11e-06
k1 =    0, k2 =    1, k3 =   38, k4 =   37, info =  1.72e-07,  1.05e-07,  8.15e-06,  2.18e+01,  2.11e-06
k1 =    0, k2 =    1, k3 =   39, k4 =   38, info =  1.72e-07,  1.05e-07,  8.15e-06,  2.18e+01,  2.11e-06
k1 =    0, k2 =    1, k3 =   40, k4 =   43, info =  1.72e-07,  1.38e-07,  8.15e-06,  2.06e+01,  6.37e-07
k1 =    0, k2 =    1, k3 =   41, k4 =   40, info =  1.72e-07,  1.38e-07,  8.15e-06,  2.06e+01,  6.37e-07
k1 =    0, k2 =    1, k3 =   42, k4 =   41, info =  1.72e-07,  1.38e-07,  8.15e-06,  2.06e+01,  6.37e-07
k1 =    0, k2 =    1, k3 =   43, k4 =   42, info =  1.72e-07,  1.38e-07,  8.15e-06,  2.06e+01,  6.37e-07
k1 =    0, k2 =    1, k3 =   44, k4 =   47, info =  1.72e-07,  1.05e-07,  8.15e-06,  2.18e+01,  2.11e-06
k1 =    0, k2 =    1, k3 =   45, k4 =   44, info =  1.72e-07,  1.05e-07,  8.15e-06,  2.18e+01,  2.11e-06
k1 =    0, k2 =    1, k3 =   46, k4 =   45, info =  1.72e-07,  1.05e-07,  8.15e-06,  2.18e+01,  2.11e-06
k1 =    0, k2 =    1, k3 =   47, k4 =   46, info =  1.72e-07,  1.05e-07,  8.15e-06,  2.18e+01,  2.11e-06
k1 =    0, k2 =    1, k3 =   48, k4 =   51, info =  1.72e-07,  1.07e-07,  8.15e-06,  2.45e+01,  1.11e-06
k1 =    0, k2 =    1, k3 =   49, k4 =   48, info =  1.72e-07,  1.07e-07,  8.15e-06,  2.45e+01,  1.11e-06
k1 =    0, k2 =    1, k3 =   50, k4 =   49, info =  1.72e-07,  1.07e-07,  8.15e-06,  2.45e+01,  1.11e-06
k1 =    0, k2 =    1, k3 =   51, k4 =   50, info =  1.72e-07,  1.07e-07,  8.15e-06,  2.45e+01,  1.11e-06
k1 =    0, k2 =    1, k3 =   52, k4 =   55, info =  1.72e-07,  3.17e-08,  8.15e-06,  2.31e+01,  1.11e-06
k1 =    0, k2 =    1, k3 =   53, k4 =   52, info =  1.72e-07,  3.17e-08,  8.15e-06,  2.31e+01,  1.11e-06
k1 =    0, k2 =    1, k3 =   54, k4 =   53, info =  1.72e-07,  3.17e-08,  8.15e-06,  2.31e+01,  1.11e-06
k1 =    0, k2 =    1, k3 =   55, k4 =   54, info =  1.72e-07,  3.17e-08,  8.15e-06,  2.31e+01,  1.11e-06
k1 =    0, k2 =    1, k3 =   56, k4 =   59, info =  1.72e-07,  1.06e-07,  8.15e-06,  2.18e+01,  1.66e-06
k1 =    0, k2 =    1, k3 =   57, k4 =   56, info =  1.72e-07,  1.06e-07,  8.15e-06,  2.18e+01,  1.66e-06
k1 =    0, k2 =    1, k3 =   58, k4 =   57, info =  1.72e-07,  1.06e-07,  8.15e-06,  2.18e+01,  1.67e-06
k1 =    0, k2 =    1, k3 =   59, k4 =   58, info =  1.72e-07,  1.06e-07,  8.15e-06,  2.18e+01,  1.67e-06
k1 =    0, k2 =    1, k3 =   60, k4 =   63, info =  1.72e-07,  3.86e-08,  8.15e-06,  2.31e+01,  1.11e-06
k1 =    0, k2 =    1, k3 =   61, k4 =   60, info =  1.72e-07,  3.84e-08,  8.15e-06,  2.31e+01,  1.11e-06
k1 =    0, k2 =    1, k3 =   62, k4 =   61, info =  1.72e-07,  3.84e-08,  8.15e-06,  2.31e+01,  1.11e-06
k1 =    0, k2 =    1, k3 =   63, k4 =   62, info =  1.72e-07,  3.87e-08,  8.15e-06,  2.31e+01,  1.11e-06
k1 =    0, k2 =    2, k3 =    0, k4 =    2, info =  1.72e-07,  1.72e-07,  7.10e-06,  7.10e-06,  1.42e-06
k1 =    0, k2 =    2, k3 =    1, k4 =    3, info =  1.72e-07,  1.72e-07,  7.10e-06,  7.10e-06,  1.42e-06
k1 =    0, k2 =    2, k3 =    2, k4 =    0, info =  1.72e-07,  1.72e-07,  7.10e-06,  7.10e-06,  1.42e-06
k1 =    0, k2 =    2, k3 =    3, k4 =    1, info =  1.72e-07,  1.72e-07,  7.10e-06,  7.10e-06,  1.42e-06
k1 =    0, k2 =    2, k3 =    4, k4 =    6, info =  1.72e-07,  9.52e-08,  7.10e-06,  3.23e-06,  3.89e-07
k1 =    0, k2 =    2, k3 =    5, k4 =    7, info =  1.72e-07,  9.52e-08,  7.10e-06,  3.24e-06,  3.89e-07
k1 =    0, k2 =    2, k3 =    6, k4 =    4, info =  1.72e-07,  9.52e-08,  7.10e-06,  3.23e-06,  3.89e-07
k1 =    0, k2 =    2, k3 =    7, k4 =    5, info =  1.72e-07,  9.52e-08,  7.10e-06,  3.24e-06,  3.89e-07
k1 =    0, k2 =    2, k3 =    8, k4 =   10, info =  1.72e-07,  1.09e-07,  7.10e-06,  3.59e-06,  1.19e-06
k1 =    0, k2 =    2, k3 =    9, k4 =   11, info =  1.72e-07,  1.09e-07,  7.10e-06,  3.59e-06,  1.19e-06
k1 =    0, k2 =    2, k3 =   10, k4 =    8, info =  1.72e-07,  1.09e-07,  7.10e-06,  3.59e-06,  1.19e-06
k1 =    0, k2 =    2, k3 =   11, k4 =    9, info =  1.72e-07,  1.09e-07,  7.10e-06,  3.59e-06,  1.19e-06
k1 =    0, k2 =    2, k3 =   12, k4 =   14, info =  1.72e-07,  9.52e-08,  7.10e-06,  3.23e-06,  3.89e-07
k1 =    0, k2 =    2, k3 =   13, k4 =   15, info =  1.72e-07,  9.52e-08,  7.10e-06,  3.24e-06,  3.89e-07
k1 =    0, k2 =    2, k3 =   14, k4 =   12, info =  1.72e-07,  9.52e-08,  7.10e-06,  3.23e-06,  3.89e-07
k1 =    0, k2 =    2, k3 =   15, k4 =   13, info =  1.72e-07,  9.52e-08,  7.10e-06,  3.24e-06,  3.89e-07
k1 =    0, k2 =    2, k3 =   16, k4 =   18, info =  1.72e-07,  1.06e-07,  7.10e-06,  3.36e-06,  5.30e-07
k1 =    0, k2 =    2, k3 =   17, k4 =   19, info =  1.72e-07,  1.06e-07,  7.10e-06,  3.36e-06,  5.30e-07
k1 =    0, k2 =    2, k3 =   18, k4 =   16, info =  1.72e-07,  1.06e-07,  7.10e-06,  3.36e-06,  5.30e-07
k1 =    0, k2 =    2, k3 =   19, k4 =   17, info =  1.72e-07,  1.06e-07,  7.10e-06,  3.36e-06,  5.30e-07
k1 =    0, k2 =    2, k3 =   20, k4 =   22, info =  1.72e-07,  3.85e-08,  7.10e-06,  1.24e-06,  3.68e-07
k1 =    0, k2 =    2, k3 =   21, k4 =   23, info =  1.72e-07,  3.85e-08,  7.10e-06,  1.24e-06,  3.68e-07
k1 =    0, k2 =    2, k3 =   22, k4 =   20, info =  1.72e-07,  3.85e-08,  7.10e-06,  1.24e-06,  3.68e-07
k1 =    0, k2 =    2, k3 =   23, k4 =   21, info =  1.72e-07,  3.85e-08,  7.10e-06,  1.24e-06,  3.68e-07
k1 =    0, k2 =    2, k3 =   24, k4 =   26, info =  1.72e-07,  1.06e-07,  7.10e-06,  3.18e-06,  7.61e-07
k1 =    0, k2 =    2, k3 =   25, k4 =   27, info =  1.72e-07,  1.06e-07,  7.10e-06,  3.18e-06,  7.61e-07
k1 =    0, k2 =    2, k3 =   26, k4 =   24, info =  1.72e-07,  1.06e-07,  7.10e-06,  3.18e-06,  7.61e-07
k1 =    0, k2 =    2, k3 =   27, k4 =   25, info =  1.72e-07,  1.06e-07,  7.10e-06,  3.18e-06,  7.61e-07
k1 =    0, k2 =    2, k3 =   28, k4 =   30, info =  1.72e-07,  3.17e-08,  7.10e-06,  1.23e-06,  3.71e-07
k1 =    0, k2 =    2, k3 =   29, k4 =   31, info =  1.72e-07,  3.17e-08,  7.10e-06,  1.25e-06,  3.71e-07
k1 =    0, k2 =    2, k3 =   30, k4 =   28, info =  1.72e-07,  3.17e-08,  7.10e-06,  1.23e-06,  3.71e-07
k1 =    0, k2 =    2, k3 =   31, k4 =   29, info =  1.72e-07,  3.17e-08,  7.10e-06,  1.25e-06,  3.71e-07
k1 =    0, k2 =    2, k3 =   32, k4 =   34, info =  1.72e-07,  1.47e-07,  7.10e-06,  4.06e-06,  6.22e-07
k1 =    0, k2 =    2, k3 =   33, k4 =   35, info =  1.72e-07,  1.47e-07,  7.10e-06,  4.06e-06,  6.22e-07
k1 =    0, k2 =    2, k3 =   34, k4 =   32, info =  1.72e-07,  1.47e-07,  7.10e-06,  4.06e-06,  6.22e-07
k1 =    0, k2 =    2, k3 =   35, k4 =   33, info =  1.72e-07,  1.47e-07,  7.10e-06,  4.06e-06,  6.22e-07
k1 =    0, k2 =    2, k3 =   36, k4 =   38, info =  1.72e-07,  1.05e-07,  7.10e-06,  3.70e-06,  9.35e-07
k1 =    0, k2 =    2, k3 =   37, k4 =   39, info =  1.72e-07,  1.05e-07,  7.10e-06,  3.70e-06,  9.35e-07
k1 =    0, k2 =    2, k3 =   38, k4 =   36, info =  1.72e-07,  1.05e-07,  7.10e-06,  3.70e-06,  9.35e-07
k1 =    0, k2 =    2, k3 =   39, k4 =   37, info =  1.72e-07,  1.05e-07,  7.10e-06,  3.70e-06,  9.35e-07
k1 =    0, k2 =    2, k3 =   40, k4 =   42, info =  1.72e-07,  1.37e-07,  7.10e-06,  5.60e-06,  2.99e-07
k1 =    0, k2 =    2, k3 =   41, k4 =   43, info =  1.72e-07,  1.37e-07,  7.10e-06,  5.60e-06,  2.99e-07
k1 =    0, k2 =    2, k3 =   42, k4 =   40, info =  1.72e-07,  1.37e-07,  7.10e-06,  5.60e-06,  2.99e-07
k1 =    0, k2 =    2, k3 =   43, k4 =   41, info =  1.72e-07,  1.37e-07,  7.10e-06,  5.60e-06,  2.99e-07
k1 =    0, k2 =    2, k3 =   44, k4 =   46, info =  1.72e-07,  1.05e-07,  7.10e-06,  3.70e-06,  9.35e-07
k1 =    0, k2 =    2, k3 =   45, k4 =   47, info =  1.72e-07,  1.05e-07,  7.10e-06,  3.70e-06,  9.35e-07
k1 =    0, k2 =    2, k3 =   46, k4 =   44, info =  1.72e-07,  1.05e-07,  7.10e-06,  3.70e-06,  9.35e-07
k1 =    0, k2 =    2, k3 =   47, k4 =   45, info =  1.72e-07,  1.05e-07,  7.10e-06,  3.70e-06,  9.35e-07
k1 =    0, k2 =    2, k3 =   48, k4 =   50, info =  1.72e-07,  1.06e-07,  7.10e-06,  3.36e-06,  5.30e-07
k1 =    0, k2 =    2, k3 =   49, k4 =   51, info =  1.72e-07,  1.06e-07,  7.10e-06,  3.36e-06,  5.30e-07
k1 =    0, k2 =    2, k3 =   50, k4 =   48, info =  1.72e-07,  1.06e-07,  7.10e-06,  3.36e-06,  5.30e-07
k1 =    0, k2 =    2, k3 =   51, k4 =   49, info =  1.72e-07,  1.06e-07,  7.10e-06,  3.36e-06,  5.30e-07
k1 =    0, k2 =    2, k3 =   52, k4 =   54, info =  1.72e-07,  3.17e-08,  7.10e-06,  1.23e-06,  3.71e-07
k1 =    0, k2 =    2, k3 =   53, k4 =   55, info =  1.72e-07,  3.17e-08,  7.10e-06,  1.25e-06,  3.71e-07
k1 =    0, k2 =    2, k3 =   54, k4 =   52, info =  1.72e-07,  3.17e-08,  7.10e-06,  1.23e-06,  3.71e-07
k1 =    0, k2 =    2, k3 =   55, k4 =   53, info =  1.72e-07,  3.17e-08,  7.10e-06,  1.25e-06,  3.71e-07
k1 =    0, k2 =    2, k3 =   56, k4 =   58, info =  1.72e-07,  1.06e-07,  7.10e-06,  3.18e-06,  7.61e-07
k1 =    0, k2 =    2, k3 =   57, k4 =   59, info =  1.72e-07,  1.06e-07,  7.10e-06,  3.18e-06,  7.61e-07
k1 =    0, k2 =    2, k3 =   58, k4 =   56, info =  1.72e-07,  1.06e-07,  7.10e-06,  3.18e-06,  7.61e-07
k1 =    0, k2 =    2, k3 =   59, k4 =   57, info =  1.72e-07,  1.06e-07,  7.10e-06,  3.18e-06,  7.61e-07
k1 =    0, k2 =    2, k3 =   60, k4 =   62, info =  1.72e-07,  3.85e-08,  7.10e-06,  1.24e-06,  3.68e-07
k1 =    0, k2 =    2, k3 =   61, k4 =   63, info =  1.72e-07,  3.85e-08,  7.10e-06,  1.24e-06,  3.68e-07
k1 =    0, k2 =    2, k3 =   62, k4 =   60, info =  1.72e-07,  3.85e-08,  7.10e-06,  1.24e-06,  3.68e-07
k1 =    0, k2 =    2, k3 =   63, k4 =   61, info =  1.72e-07,  3.85e-08,  7.10e-06,  1.24e-06,  3.68e-07
k1 =    0, k2 =    3, k3 =    0, k4 =    1, info =  1.72e-07,  1.72e-07,  8.15e-06,  2.61e+01,  3.17e-06
k1 =    0, k2 =    3, k3 =    1, k4 =    2, info =  1.72e-07,  1.72e-07,  8.15e-06,  2.61e+01,  3.18e-06
k1 =    0, k2 =    3, k3 =    2, k4 =    3, info =  1.72e-07,  1.72e-07,  8.15e-06,  2.61e+01,  3.18e-06
k1 =    0, k2 =    3, k3 =    3, k4 =    0, info =  1.72e-07,  1.72e-07,  8.15e-06,  2.61e+01,  3.17e-06
k1 =    0, k2 =    3, k3 =    4, k4 =    5, info =  1.72e-07,  9.52e-08,  8.15e-06,  2.45e+01,  1.68e-06
k1 =    0, k2 =    3, k3 =    5, k4 =    6, info =  1.72e-07,  9.52e-08,  8.15e-06,  2.45e+01,  1.69e-06
k1 =    0, k2 =    3, k3 =    6, k4 =    7, info =  1.72e-07,  9.52e-08,  8.15e-06,  2.45e+01,  1.69e-06
k1 =    0, k2 =    3, k3 =    7, k4 =    4, info =  1.72e-07,  9.52e-08,  8.15e-06,  2.45e+01,  1.68e-06
k1 =    0, k2 =    3, k3 =    8, k4 =    9, info =  1.72e-07,  1.09e-07,  8.15e-06,  2.29e+01,  2.65e-06
k1 =    0, k2 =    3, k3 =    9, k4 =   10, info =  1.72e-07,  1.09e-07,  8.15e-06,  2.29e+01,  2.65e-06
k1 =    0, k2 =    3, k3 =   10, k4 =   11, info =  1.72e-07,  1.09e-07,  8.15e-06,  2.29e+01,  2.65e-06
k1 =    0, k2 =    3, k3 =   11, k4 =    8, info =  1.72e-07,  1.09e-07,  8.15e-06,  2.29e+01,  2.65e-06
k1 =    0, k2 =    3, k3 =   12, k4 =   13, info =  1.72e-07,  9.52e-08,  8.15e-06,  2.45e+01,  1.68e-06
k1 =    0, k2 =    3, k3 =   13, k4 =   14, info =  1.72e-07,  9.52e-08,  8.15e-06,  2.45e+01,  1.69e-06
k1 =    0, k2 =    3, k3 =   14, k4 =   15, info =  1.72e-07,  9.52e-08,  8.15e-06,  2.45e+01,  1.69e-06
k1 =    0, k2 =    3, k3 =   15, k4 =   12, info =  1.72e-07,  9.52e-08,  8.15e-06,  2.45e+01,  1.68e-06
k1 =    0, k2 =    3, k3 =   16, k4 =   17, info =  1.72e-07,  1.07e-07,  8.15e-06,  2.45e+01,  1.11e-06
k1 =    0, k2 =    3, k3 =   17, k4 =   18, info =  1.72e-07,  1.07e-07,  8.15e-06,  2.45e+01,  1.11e-06
k1 =    0, k2 =    3, k3 =   18, k4 =   19, info =  1.72e-07,  1.07e-07,  8.15e-06,  2.45e+01,  1.11e-06
k1 =    0, k2 =    3, k3 =   19, k4 =   16, info =  1.72e-07,  1.07e-07,  8.15e-06,  2.45e+01,  1.11e-06
k1 =    0, k2 =    3, k3 =   20, k4 =   21, info =  1.72e-07,  3.86e-08,  8.15e-06,  2.31e+01,  1.11e-06
k1 =    0, k2 =    3, k3 =   21, k4 =   22, info =  1.72e-07,  3.87e-08,  8.15e-06,  2.31e+01,  1.11e-06
k1 =    0, k2 =    3, k3 =   22, k4 =   23, info =  1.72e-07,  3.84e-08,  8.15e-06,  2.31e+01,  1.11e-06
k1 =    0, k2 =    3, k3 =   23, k4 =   20, info =  1.72e-07,  3.84e-08,  8.15e-06,  2.31e+01,  1.11e-06
k1 =    0, k2 =    3, k3 =   24, k4 =   25, info =  1.72e-07,  1.06e-07,  8.15e-06,  2.18e+01,  1.66e-06
k1 =    0, k2 =    3, k3 =   25, k4 =   26, info =  1.72e-07,  1.06e-07,  8.15e-06,  2.18e+01,  1.67e-06
k1 =    0, k2 =    3, k3 =   26, k4 =   27, info =  1.72e-07,  1.06e-07,  8.15e-06,  2.18e+01,  1.67e-06
k1 =    0, k2 =    3, k3 =   27, k4 =   24, info =  1.72e-07,  1.06e-07,  8.15e-06,  2.18e+01,  1.66e-06
k1 =    0, k2 =    3, k3 =   28, k4 =   29, info =  1.72e-07,  3.17e-08,  8.15e-06,  2.31e+01,  1.11e-06
k1 =    0, k2 =    3, k3 =   29, k4 =   30, info =  1.72e-07,  3.17e-08,  8.15e-06,  2.31e+01,  1.11e-06
k1 =    0, k2 =    3, k3 =   30, k4 =   31, info =  1.72e-07,  3.17e-08,  8.15e-06,  2.31e+01,  1.11e-06
k1 =    0, k2 =    3, k3 =   31, k4 =   28, info =  1.72e-07,  3.17e-08,  8.15e-06,  2.31e+01,  1.11e-06
k1 =    0, k2 =    3, k3 =   32, k4 =   33, info =  1.72e-07,  1.47e-07,  8.15e-06,  2.29e+01,  1.75e-06
k1 =    0, k2 =    3, k3 =   33, k4 =   34, info =  1.72e-07,  1.47e-07,  8.15e-06,  2.29e+01,  1.75e-06
k1 =    0, k2 =    3, k3 =   34, k4 =   35, info =  1.72e-07,  1.47e-07,  8.15e-06,  2.29e+01,  1.75e-06
k1 =    0, k2 =    3, k3 =   35, k4 =   32, info =  1.72e-07,  1.47e-07,  8.15e-06,  2.29e+01,  1.75e-06
k1 =    0, k2 =    3, k3 =   36, k4 =   37, info =  1.72e-07,  1.05e-07,  8.15e-06,  2.18e+01,  2.11e-06
k1 =    0, k2 =    3, k3 =   37, k4 =   38, info =  1.72e-07,  1.05e-07,  8.15e-06,  2.18e+01,  2.11e-06
k1 =    0, k2 =    3, k3 =   38, k4 =   39, info =  1.72e-07,  1.05e-07,  8.15e-06,  2.18e+01,  2.11e-06
k1 =    0, k2 =    3, k3 =   39, k4 =   36, info =  1.72e-07,  1.05e-07,  8.15e-06,  2.18e+01,  2.11e-06
k1 =    0, k2 =    3, k3 =   40, k4 =   41, info =  1.72e-07,  1.38e-07,  8.15e-06,  2.06e+01,  6.37e-07
k1 =    0, k2 =    3, k3 =   41, k4 =   42, info =  1.72e-07,  1.38e-07,  8.15e-06,  2.06e+01,  6.37e-07
k1 =    0, k2 =    3, k3 =   42, k4 =   43, info =  1.72e-07,  1.38e-07,  8.15e-06,  2.06e+01,  6.37e-07
k1 =    0, k2 =    3, k3 =   43, k4 =   40, info =  1.72e-07,  1.38e-07,  8.15e-06,  2.06e+01,  6.37e-07
k1 =    0, k2 =    3, k3 =   44, k4 =   45, info =  1.72e-07,  1.05e-07,  8.15e-06,  2.18e+01,  2.11e-06
k1 =    0, k2 =    3, k3 =   45, k4 =   46, info =  1.72e-07,  1.05e-07,  8.15e-06,  2.18e+01,  2.11e-06
k1 =    0, k2 =    3, k3 =   46, k4 =   47, info =  1.72e-07,  1.05e-07,  8.15e-06,  2.18e+01,  2.11e-06
k1 =    0, k2 =    3, k3 =   47, k4 =   44, info =  1.72e-07,  1.05e-07,  8.15e-06,  2.18e+01,  2.11e-06
k1 =    0, k2 =    3, k3 =   48, k4 =   49, info =  1.72e-07,  1.07e-07,  8.15e-06,  2.45e+01,  1.11e-06
k1 =    0, k2 =    3, k3 =   49, k4 =   50, info =  1.72e-07,  1.07e-07,  8.15e-06,  2.45e+01,  1.11e-06
k1 =    0, k2 =    3, k3 =   50, k4 =   51, info =  1.72e-07,  1.07e-07,  8.15e-06,  2.45e+01,  1.11e-06
k1 =    0, k2 =    3, k3 =   51, k4 =   48, info =  1.72e-07,  1.07e-07,  8.15e-06,  2.45e+01,  1.11e-06
k1 =    0, k2 =    3, k3 =   52, k4 =   53, info =  1.72e-07,  3.17e-08,  8.15e-06,  2.31e+01,  1.11e-06
k1 =    0, k2 =    3, k3 =   53, k4 =   54, info =  1.72e-07,  3.17e-08,  8.15e-06,  2.31e+01,  1.11e-06
k1 =    0, k2 =    3, k3 =   54, k4 =   55, info =  1.72e-07,  3.17e-08,  8.15e-06,  2.31e+01,  1.11e-06
k1 =    0, k2 =    3, k3 =   55, k4 =   52, info =  1.72e-07,  3.17e-08,  8.15e-06,  2.31e+01,  1.11e-06
k1 =    0, k2 =    3, k3 =   56, k4 =   57, info =  1.72e-07,  1.06e-07,  8.15e-06,  2.18e+01,  1.66e-06
k1 =    0, k2 =    3, k3 =   57, k4 =   58, info =  1.72e-07,  1.06e-07,  8.15e-06,  2.18e+01,  1.67e-06
k1 =    0, k2 =    3, k3 =   58, k4 =   59, info =  1.72e-07,  1.06e-07,  8.15e-06,  2.18e+01,  1.67e-06
k1 =    0, k2 =    3, k3 =   59, k4 =   56, info =  1.72e-07,  1.06e-07,  8.15e-06,  2.18e+01,  1.66e-06
k1 =    0, k2 =    3, k3 =   60, k4 =   61, info =  1.72e-07,  3.84e-08,  8.15e-06,  2.31e+01,  1.11e-06
k1 =    0, k2 =    3, k3 =   61, k4 =   62, info =  1.72e-07,  3.84e-08,  8.15e-06,  2.31e+01,  1.11e-06
k1 =    0, k2 =    3, k3 =   62, k4 =   63, info =  1.72e-07,  3.87e-08,  8.15e-06,  2.31e+01,  1.11e-06
k1 =    0, k2 =    3, k3 =   63, k4 =   60, info =  1.72e-07,  3.86e-08,  8.15e-06,  2.31e+01,  1.11e-06
k1 =    0, k2 =    4, k3 =    0, k4 =   12, info =  9.72e-08,  9.72e-08,  3.41e-06,  1.56e+01,  2.53e-07
k1 =    0, k2 =    4, k3 =    1, k4 =   13, info =  9.72e-08,  9.72e-08,  3.41e-06,  1.56e+01,  2.53e-07
k1 =    0, k2 =    4, k3 =    2, k4 =   14, info =  9.72e-08,  9.72e-08,  3.41e-06,  1.56e+01,  2.53e-07
k1 =    0, k2 =    4, k3 =    3, k4 =   15, info =  9.72e-08,  9.72e-08,  3.41e-06,  1.56e+01,  2.53e-07
k1 =    0, k2 =    4, k3 =    4, k4 =    0, info =  9.72e-08,  9.72e-08,  3.41e-06,  1.56e+01,  2.53e-07
k1 =    0, k2 =    4, k3 =    5, k4 =    1, info =  9.72e-08,  9.72e-08,  3.41e-06,  1.56e+01,  2.53e-07
k1 =    0, k2 =    4, k3 =    6, k4 =    2, info =  9.72e-08,  9.72e-08,  3.41e-06,  1.56e+01,  2.53e-07
k1 =    0, k2 =    4, k3 =    7, k4 =    3, info =  9.72e-08,  9.72e-08,  3.41e-06,  1.56e+01,  2.53e-07
k1 =    0, k2 =    4, k3 =    8, k4 =    4, info =  9.72e-08,  6.17e-08,  3.41e-06,  1.51e+01,  1.04e-07
k1 =    0, k2 =    4, k3 =    9, k4 =    5, info =  9.72e-08,  6.17e-08,  3.41e-06,  1.51e+01,  1.04e-07
k1 =    0, k2 =    4, k3 =   10, k4 =    6, info =  9.72e-08,  6.17e-08,  3.41e-06,  1.51e+01,  1.04e-07
k1 =    0, k2 =    4, k3 =   11, k4 =    7, info =  9.72e-08,  6.17e-08,  3.41e-06,  1.51e+01,  1.04e-07
k1 =    0, k2 =    4, k3 =   12, k4 =    8, info =  9.72e-08,  6.17e-08,  3.41e-06,  1.51e+01,  1.04e-07
k1 =    0, k2 =    4, k3 =   13, k4 =    9, info =  9.72e-08,  6.17e-08,  3.41e-06,  1.51e+01,  1.04e-07
k1 =    0, k2 =    4, k3 =   14, k4 =   10, info =  9.72e-08,  6.17e-08,  3.41e-06,  1.51e+01,  1.04e-07
k1 =    0, k2 =    4, k3 =   15, k4 =   11, info =  9.72e-08,  6.17e-08,  3.41e-06,  1.51e+01,  1.04e-07
k1 =    0, k2 =    4, k3 =   16, k4 =   28, info =  9.72e-08,  9.70e-08,  3.41e-06,  1.48e+01,  6.20e-08
k1 =    0, k2 =    4, k3 =   17, k4 =   29, info =  9.72e-08,  9.70e-08,  3.41e-06,  1.48e+01,  6.19e-08
k1 =    0, k2 =    4, k3 =   18, k4 =   30, info =  9.72e-08,  9.70e-08,  3.41e-06,  1.48e+01,  6.19e-08
k1 =    0, k2 =    4, k3 =   19, k4 =   31, info =  9.72e-08,  9.70e-08,  3.41e-06,  1.48e+01,  6.19e-08
k1 =    0, k2 =    4, k3 =   20, k4 =   16, info =  9.72e-08,  9.62e-08,  3.41e-06,  1.48e+01,  6.16e-08
k1 =    0, k2 =    4, k3 =   21, k4 =   17, info =  9.72e-08,  9.62e-08,  3.41e-06,  1.48e+01,  6.16e-08
k1 =    0, k2 =    4, k3 =   22, k4 =   18, info =  9.72e-08,  9.62e-08,  3.41e-06,  1.48e+01,  6.15e-08
k1 =    0, k2 =    4, k3 =   23, k4 =   19, info =  9.72e-08,  9.62e-08,  3.41e-06,  1.48e+01,  6.16e-08
k1 =    0, k2 =    4, k3 =   24, k4 =   20, info =  9.72e-08,  7.32e-08,  3.41e-06,  1.44e+01,  1.67e-07
k1 =    0, k2 =    4, k3 =   25, k4 =   21, info =  9.72e-08,  7.32e-08,  3.41e-06,  1.44e+01,  1.67e-07
k1 =    0, k2 =    4, k3 =   26, k4 =   22, info =  9.72e-08,  7.32e-08,  3.41e-06,  1.44e+01,  1.67e-07
k1 =    0, k2 =    4, k3 =   27, k4 =   23, info =  9.72e-08,  7.32e-08,  3.41e-06,  1.44e+01,  1.67e-07
k1 =    0, k2 =    4, k3 =   28, k4 =   24, info =  9.72e-08,  7.25e-08,  3.41e-06,  1.44e+01,  1.65e-07
k1 =    0, k2 =    4, k3 =   29, k4 =   25, info =  9.72e-08,  7.25e-08,  3.41e-06,  1.44e+01,  1.66e-07
k1 =    0, k2 =    4, k3 =   30, k4 =   26, info =  9.72e-08,  7.25e-08,  3.41e-06,  1.44e+01,  1.66e-07
k1 =    0, k2 =    4, k3 =   31, k4 =   27, info =  9.72e-08,  7.25e-08,  3.41e-06,  1.44e+01,  1.66e-07
k1 =    0, k2 =    4, k3 =   32, k4 =   44, info =  9.72e-08,  7.49e-08,  3.41e-06,  1.40e+01,  2.09e-07
k1 =    0, k2 =    4, k3 =   33, k4 =   45, info =  9.72e-08,  7.49e-08,  3.41e-06,  1.40e+01,  2.09e-07
k1 =    0, k2 =    4, k3 =   34, k4 =   46, info =  9.72e-08,  7.49e-08,  3.41e-06,  1.40e+01,  2.09e-07
k1 =    0, k2 =    4, k3 =   35, k4 =   47, info =  9.72e-08,  7.49e-08,  3.41e-06,  1.40e+01,  2.09e-07
k1 =    0, k2 =    4, k3 =   36, k4 =   32, info =  9.72e-08,  7.49e-08,  3.41e-06,  1.40e+01,  2.09e-07
k1 =    0, k2 =    4, k3 =   37, k4 =   33, info =  9.72e-08,  7.49e-08,  3.41e-06,  1.40e+01,  2.09e-07
k1 =    0, k2 =    4, k3 =   38, k4 =   34, info =  9.72e-08,  7.49e-08,  3.41e-06,  1.40e+01,  2.09e-07
k1 =    0, k2 =    4, k3 =   39, k4 =   35, info =  9.72e-08,  7.49e-08,  3.41e-06,  1.40e+01,  2.09e-07
k1 =    0, k2 =    4, k3 =   40, k4 =   36, info =  9.72e-08,  9.17e-08,  3.41e-06,  1.36e+01,  8.64e-08
k1 =    0, k2 =    4, k3 =   41, k4 =   37, info =  9.72e-08,  9.17e-08,  3.41e-06,  1.36e+01,  8.65e-08
k1 =    0, k2 =    4, k3 =   42, k4 =   38, info =  9.72e-08,  9.17e-08,  3.41e-06,  1.36e+01,  8.65e-08
k1 =    0, k2 =    4, k3 =   43, k4 =   39, info =  9.72e-08,  9.17e-08,  3.41e-06,  1.36e+01,  8.65e-08
k1 =    0, k2 =    4, k3 =   44, k4 =   40, info =  9.72e-08,  9.17e-08,  3.41e-06,  1.36e+01,  8.64e-08
k1 =    0, k2 =    4, k3 =   45, k4 =   41, info =  9.72e-08,  9.17e-08,  3.41e-06,  1.36e+01,  8.65e-08
k1 =    0, k2 =    4, k3 =   46, k4 =   42, info =  9.72e-08,  9.17e-08,  3.41e-06,  1.36e+01,  8.65e-08
k1 =    0, k2 =    4, k3 =   47, k4 =   43, info =  9.72e-08,  9.17e-08,  3.41e-06,  1.36e+01,  8.65e-08
k1 =    0, k2 =    4, k3 =   48, k4 =   60, info =  9.72e-08,  9.62e-08,  3.41e-06,  1.48e+01,  6.16e-08
k1 =    0, k2 =    4, k3 =   49, k4 =   61, info =  9.72e-08,  9.62e-08,  3.41e-06,  1.48e+01,  6.16e-08
k1 =    0, k2 =    4, k3 =   50, k4 =   62, info =  9.72e-08,  9.62e-08,  3.41e-06,  1.48e+01,  6.15e-08
k1 =    0, k2 =    4, k3 =   51, k4 =   63, info =  9.72e-08,  9.62e-08,  3.41e-06,  1.48e+01,  6.16e-08
k1 =    0, k2 =    4, k3 =   52, k4 =   48, info =  9.72e-08,  9.70e-08,  3.41e-06,  1.48e+01,  6.20e-08
k1 =    0, k2 =    4, k3 =   53, k4 =   49, info =  9.72e-08,  9.70e-08,  3.41e-06,  1.48e+01,  6.19e-08
k1 =    0, k2 =    4, k3 =   54, k4 =   50, info =  9.72e-08,  9.70e-08,  3.41e-06,  1.48e+01,  6.19e-08
k1 =    0, k2 =    4, k3 =   55, k4 =   51, info =  9.72e-08,  9.70e-08,  3.41e-06,  1.48e+01,  6.19e-08
k1 =    0, k2 =    4, k3 =   56, k4 =   52, info =  9.72e-08,  7.25e-08,  3.41e-06,  1.44e+01,  1.65e-07
k1 =    0, k2 =    4, k3 =   57, k4 =   53, info =  9.72e-08,  7.25e-08,  3.41e-06,  1.44e+01,  1.66e-07
k1 =    0, k2 =    4, k3 =   58, k4 =   54, info =  9.72e-08,  7.25e-08,  3.41e-06,  1.44e+01,  1.66e-07
k1 =    0, k2 =    4, k3 =   59, k4 =   55, info =  9.72e-08,  7.25e-08,  3.41e-06,  1.44e+01,  1.66e-07
k1 =    0, k2 =    4, k3 =   60, k4 =   56, info =  9.72e-08,  7.32e-08,  3.41e-06,  1.44e+01,  1.67e-07
k1 =    0, k2 =    4, k3 =   61, k4 =   57, info =  9.72e-08,  7.32e-08,  3.41e-06,  1.44e+01,  1.67e-07
k1 =    0, k2 =    4, k3 =   62, k4 =   58, info =  9.72e-08,  7.32e-08,  3.41e-06,  1.44e+01,  1.67e-07
k1 =    0, k2 =    4, k3 =   63, k4 =   59, info =  9.72e-08,  7.32e-08,  3.41e-06,  1.44e+01,  1.67e-07
k1 =    0, k2 =    5, k3 =    0, k4 =   15, info =  9.73e-08,  9.73e-08,  3.34e-06,  1.56e+01,  2.33e-07
k1 =    0, k2 =    5, k3 =    1, k4 =   12, info =  9.73e-08,  9.73e-08,  3.34e-06,  1.56e+01,  2.33e-07
k1 =    0, k2 =    5, k3 =    2, k4 =   13, info =  9.73e-08,  9.73e-08,  3.34e-06,  1.56e+01,  2.33e-07
k1 =    0, k2 =    5, k3 =    3, k4 =   14, info =  9.73e-08,  9.73e-08,  3.34e-06,  1.56e+01,  2.33e-07
k1 =    0, k2 =    5, k3 =    4, k4 =    3, info =  9.73e-08,  9.73e-08,  3.34e-06,  1.56e+01,  2.33e-07
k1 =    0, k2 =    5, k3 =    5, k4 =    0, info =  9.73e-08,  9.73e-08,  3.34e-06,  1.56e+01,  2.33e-07
k1 =    0, k2 =    5, k3 =    6, k4 =    1, info =  9.73e-08,  9.73e-08,  3.34e-06,  1.56e+01,  2.33e-07
k1 =    0, k2 =    5, k3 =    7, k4 =    2, info =  9.73e-08,  9.73e-08,  3.34e-06,  1.56e+01,  2.33e-07
k1 =    0, k2 =    5, k3 =    8, k4 =    7, info =  9.73e-08,  6.17e-08,  3.34e-06,  1.50e+01,  1.01e-07
k1 =    0, k2 =    5, k3 =    9, k4 =    4, info =  9.73e-08,  6.17e-08,  3.34e-06,  1.50e+01,  1.01e-07
k1 =    0, k2 =    5, k3 =   10, k4 =    5, info =  9.73e-08,  6.17e-08,  3.34e-06,  1.50e+01,  1.01e-07
k1 =    0, k2 =    5, k3 =   11, k4 =    6, info =  9.73e-08,  6.17e-08,  3.34e-06,  1.50e+01,  1.01e-07
k1 =    0, k2 =    5, k3 =   12, k4 =   11, info =  9.73e-08,  6.17e-08,  3.34e-06,  1.50e+01,  1.01e-07
k1 =    0, k2 =    5, k3 =   13, k4 =    8, info =  9.73e-08,  6.17e-08,  3.34e-06,  1.50e+01,  1.01e-07
k1 =    0, k2 =    5, k3 =   14, k4 =    9, info =  9.73e-08,  6.17e-08,  3.34e-06,  1.50e+01,  1.01e-07
k1 =    0, k2 =    5, k3 =   15, k4 =   10, info =  9.73e-08,  6.17e-08,  3.34e-06,  1.50e+01,  1.01e-07
k1 =    0, k2 =    5, k3 =   16, k4 =   31, info =  9.73e-08,  9.69e-08,  3.34e-06,  1.48e+01,  5.16e-08
k1 =    0, k2 =    5, k3 =   17, k4 =   28, info =  9.73e-08,  9.69e-08,  3.34e-06,  1.48e+01,  5.16e-08
k1 =    0, k2 =    5, k3 =   18, k4 =   29, info =  9.73e-08,  9.69e-08,  3.34e-06,  1.48e+01,  5.15e-08
k1 =    0, k2 =    5, k3 =   19, k4 =   30, info =  9.73e-08,  9.69e-08,  3.34e-06,  1.48e+01,  5.15e-08
k1 =    0, k2 =    5, k3 =   20, k4 =   19, info =  9.73e-08,  9.62e-08,  3.34e-06,  1.48e+01,  5.20e-08
k1 =    0, k2 =    5, k3 =   21, k4 =   16, info =  9.73e-08,  9.62e-08,  3.34e-06,  1.48e+01,  5.20e-08
k1 =    0, k2 =    5, k3 =   22, k4 =   17, info =  9.73e-08,  9.62e-08,  3.34e-06,  1.48e+01,  5.20e-08
k1 =    0, k2 =    5, k3 =   23, k4 =   18, info =  9.73e-08,  9.62e-08,  3.34e-06,  1.48e+01,  5.20e-08
k1 =    0, k2 =    5, k3 =   24, k4 =   23, info =  9.73e-08,  7.33e-08,  3.34e-06,  1.43e+01,  1.53e-07
k1 =    0, k2 =    5, k3 =   25, k4 =   20, info =  9.73e-08,  7.33e-08,  3.34e-06,  1.43e+01,  1.53e-07
k1 =    0, k2 =    5, k3 =   26, k4 =   21, info =  9.73e-08,  7.33e-08,  3.34e-06,  1.43e+01,  1.53e-07
k1 =    0, k2 =    5, k3 =   27, k4 =   22, info =  9.73e-08,  7.33e-08,  3.34e-06,  1.43e+01,  1.53e-07
k1 =    0, k2 =    5, k3 =   28, k4 =   27, info =  9.73e-08,  7.26e-08,  3.34e-06,  1.43e+01,  1.52e-07
k1 =    0, k2 =    5, k3 =   29, k4 =   24, info =  9.73e-08,  7.26e-08,  3.34e-06,  1.43e+01,  1.52e-07
k1 =    0, k2 =    5, k3 =   30, k4 =   25, info =  9.73e-08,  7.26e-08,  3.34e-06,  1.43e+01,  1.52e-07
k1 =    0, k2 =    5, k3 =   31, k4 =   26, info =  9.73e-08,  7.26e-08,  3.34e-06,  1.43e+01,  1.52e-07
k1 =    0, k2 =    5, k3 =   32, k4 =   47, info =  9.73e-08,  7.49e-08,  3.34e-06,  1.40e+01,  1.92e-07
k1 =    0, k2 =    5, k3 =   33, k4 =   44, info =  9.73e-08,  7.49e-08,  3.34e-06,  1.40e+01,  1.92e-07
k1 =    0, k2 =    5, k3 =   34, k4 =   45, info =  9.73e-08,  7.49e-08,  3.34e-06,  1.40e+01,  1.92e-07
k1 =    0, k2 =    5, k3 =   35, k4 =   46, info =  9.73e-08,  7.49e-08,  3.34e-06,  1.40e+01,  1.92e-07
k1 =    0, k2 =    5, k3 =   36, k4 =   35, info =  9.73e-08,  7.49e-08,  3.34e-06,  1.40e+01,  1.92e-07
k1 =    0, k2 =    5, k3 =   37, k4 =   32, info =  9.73e-08,  7.49e-08,  3.34e-06,  1.40e+01,  1.92e-07
k1 =    0, k2 =    5, k3 =   38, k4 =   33, info =  9.73e-08,  7.49e-08,  3.34e-06,  1.40e+01,  1.92e-07
k1 =    0, k2 =    5, k3 =   39, k4 =   34, info =  9.73e-08,  7.49e-08,  3.34e-06,  1.40e+01,  1.92e-07
k1 =    0, k2 =    5, k3 =   40, k4 =   39, info =  9.73e-08,  9.17e-08,  3.34e-06,  1.36e+01,  8.37e-08
k1 =    0, k2 =    5, k3 =   41, k4 =   36, info =  9.73e-08,  9.17e-08,  3.34e-06,  1.36e+01,  8.37e-08
k1 =    0, k2 =    5, k3 =   42, k4 =   37, info =  9.73e-08,  9.17e-08,  3.34e-06,  1.36e+01,  8.37e-08
k1 =    0, k2 =    5, k3 =   43, k4 =   38, info =  9.73e-08,  9.17e-08,  3.34e-06,  1.36e+01,  8.37e-08
k1 =    0, k2 =    5, k3 =   44, k4 =   43, info =  9.73e-08,  9.17e-08,  3.34e-06,  1.36e+01,  8.37e-08
k1 =    0, k2 =    5, k3 =   45, k4 =   40, info =  9.73e-08,  9.17e-08,  3.34e-06,  1.36e+01,  8.37e-08
k1 =    0, k2 =    5, k3 =   46, k4 =   41, info =  9.73e-08,  9.17e-08,  3.34e-06,  1.36e+01,  8.37e-08
k1 =    0, k2 =    5, k3 =   47, k4 =   42, info =  9.73e-08,  9.17e-08,  3.34e-06,  1.36e+01,  8.37e-08
k1 =    0, k2 =    5, k3 =   48, k4 =   63, info =  9.73e-08,  9.62e-08,  3.34e-06,  1.48e+01,  5.20e-08
k1 =    0, k2 =    5, k3 =   49, k4 =   60, info =  9.73e-08,  9.62e-08,  3.34e-06,  1.48e+01,  5.20e-08
k1 =    0, k2 =    5, k3 =   50, k4 =   61, info =  9.73e-08,  9.62e-08,  3.34e-06,  1.48e+01,  5.20e-08
k1 =    0, k2 =    5, k3 =   51, k4 =   62, info =  9.73e-08,  9.62e-08,  3.34e-06,  1.48e+01,  5.20e-08
k1 =    0, k2 =    5, k3 =   52, k4 =   51, info =  9.73e-08,  9.69e-08,  3.34e-06,  1.48e+01,  5.16e-08
k1 =    0, k2 =    5, k3 =   53, k4 =   48, info =  9.73e-08,  9.69e-08,  3.34e-06,  1.48e+01,  5.16e-08
k1 =    0, k2 =    5, k3 =   54, k4 =   49, info =  9.73e-08,  9.69e-08,  3.34e-06,  1.48e+01,  5.15e-08
k1 =    0, k2 =    5, k3 =   55, k4 =   50, info =  9.73e-08,  9.69e-08,  3.34e-06,  1.48e+01,  5.15e-08
k1 =    0, k2 =    5, k3 =   56, k4 =   55, info =  9.73e-08,  7.26e-08,  3.34e-06,  1.43e+01,  1.52e-07
k1 =    0, k2 =    5, k3 =   57, k4 =   52, info =  9.73e-08,  7.26e-08,  3.34e-06,  1.43e+01,  1.52e-07
k1 =    0, k2 =    5, k3 =   58, k4 =   53, info =  9.73e-08,  7.26e-08,  3.34e-06,  1.43e+01,  1.52e-07
k1 =    0, k2 =    5, k3 =   59, k4 =   54, info =  9.73e-08,  7.26e-08,  3.34e-06,  1.43e+01,  1.52e-07
k1 =    0, k2 =    5, k3 =   60, k4 =   59, info =  9.73e-08,  7.33e-08,  3.34e-06,  1.43e+01,  1.53e-07
k1 =    0, k2 =    5, k3 =   61, k4 =   56, info =  9.73e-08,  7.33e-08,  3.34e-06,  1.43e+01,  1.53e-07
k1 =    0, k2 =    5, k3 =   62, k4 =   57, info =  9.73e-08,  7.33e-08,  3.34e-06,  1.43e+01,  1.53e-07
k1 =    0, k2 =    5, k3 =   63, k4 =   58, info =  9.73e-08,  7.33e-08,  3.34e-06,  1.43e+01,  1.53e-07
k1 =    0, k2 =    6, k3 =    0, k4 =   14, info =  9.73e-08,  9.73e-08,  3.44e-06,  1.55e+01,  2.14e-07
k1 =    0, k2 =    6, k3 =    1, k4 =   15, info =  9.73e-08,  9.73e-08,  3.44e-06,  1.55e+01,  2.14e-07
k1 =    0, k2 =    6, k3 =    2, k4 =   12, info =  9.73e-08,  9.73e-08,  3.44e-06,  1.55e+01,  2.14e-07
k1 =    0, k2 =    6, k3 =    3, k4 =   13, info =  9.73e-08,  9.73e-08,  3.44e-06,  1.55e+01,  2.14e-07
k1 =    0, k2 =    6, k3 =    4, k4 =    2, info =  9.73e-08,  9.73e-08,  3.44e-06,  1.55e+01,  2.14e-07
k1 =    0, k2 =    6, k3 =    5, k4 =    3, info =  9.73e-08,  9.73e-08,  3.44e-06,  1.55e+01,  2.14e-07
k1 =    0, k2 =    6, k3 =    6, k4 =    0, info =  9.73e-08,  9.73e-08,  3.44e-06,  1.55e+01,  2.14e-07
k1 =    0, k2 =    6, k3 =    7, k4 =    1, info =  9.73e-08,  9.73e-08,  3.44e-06,  1.55e+01,  2.14e-07
k1 =    0, k2 =    6, k3 =    8, k4 =    6, info =  9.73e-08,  6.17e-08,  3.44e-06,  1.49e+01,  9.91e-08
k1 =    0, k2 =    6, k3 =    9, k4 =    7, info =  9.73e-08,  6.17e-08,  3.44e-06,  1.49e+01,  9.91e-08
k1 =    0, k2 =    6, k3 =   10, k4 =    4, info =  9.73e-08,  6.17e-08,  3.44e-06,  1.49e+01,  9.91e-08
k1 =    0, k2 =    6, k3 =   11, k4 =    5, info =  9.73e-08,  6.17e-08,  3.44e-06,  1.49e+01,  9.91e-08
k1 =    0, k2 =    6, k3 =   12, k4 =   10, info =  9.73e-08,  6.17e-08,  3.44e-06,  1.49e+01,  9.91e-08
k1 =    0, k2 =    6, k3 =   13, k4 =   11, info =  9.73e-08,  6.17e-08,  3.44e-06,  1.49e+01,  9.91e-08
k1 =    0, k2 =    6, k3 =   14, k4 =    8, info =  9.73e-08,  6.17e-08,  3.44e-06,  1.49e+01,  9.91e-08
k1 =    0, k2 =    6, k3 =   15, k4 =    9, info =  9.73e-08,  6.17e-08,  3.44e-06,  1.49e+01,  9.91e-08
k1 =    0, k2 =    6, k3 =   16, k4 =   30, info =  9.73e-08,  9.69e-08,  3.44e-06,  1.47e+01,  5.21e-08
k1 =    0, k2 =    6, k3 =   17, k4 =   31, info =  9.73e-08,  9.69e-08,  3.44e-06,  1.47e+01,  5.21e-08
k1 =    0, k2 =    6, k3 =   18, k4 =   28, info =  9.73e-08,  9.69e-08,  3.44e-06,  1.47e+01,  5.21e-08
k1 =    0, k2 =    6, k3 =   19, k4 =   29, info =  9.73e-08,  9.69e-08,  3.44e-06,  1.47e+01,  5.21e-08
k1 =    0, k2 =    6, k3 =   20, k4 =   18, info =  9.73e-08,  9.62e-08,  3.44e-06,  1.47e+01,  5.16e-08
k1 =    0, k2 =    6, k3 =   21, k4 =   19, info =  9.73e-08,  9.62e-08,  3.44e-06,  1.47e+01,  5.16e-08
k1 =    0, k2 =    6, k3 =   22, k4 =   16, info =  9.73e-08,  9.62e-08,  3.44e-06,  1.47e+01,  5.16e-08
k1 =    0, k2 =    6, k3 =   23, k4 =   17, info =  9.73e-08,  9.62e-08,  3.44e-06,  1.47e+01,  5.16e-08
k1 =    0, k2 =    6, k3 =   24, k4 =   22, info =  9.73e-08,  7.33e-08,  3.44e-06,  1.42e+01,  1.41e-07
k1 =    0, k2 =    6, k3 =   25, k4 =   23, info =  9.73e-08,  7.33e-08,  3.44e-06,  1.42e+01,  1.41e-07
k1 =    0, k2 =    6, k3 =   26, k4 =   20, info =  9.73e-08,  7.33e-08,  3.44e-06,  1.42e+01,  1.41e-07
k1 =    0, k2 =    6, k3 =   27, k4 =   21, info =  9.73e-08,  7.33e-08,  3.44e-06,  1.42e+01,  1.41e-07
k1 =    0, k2 =    6, k3 =   28, k4 =   26, info =  9.73e-08,  7.26e-08,  3.44e-06,  1.42e+01,  1.39e-07
k1 =    0, k2 =    6, k3 =   29, k4 =   27, info =  9.73e-08,  7.26e-08,  3.44e-06,  1.42e+01,  1.39e-07
k1 =    0, k2 =    6, k3 =   30, k4 =   24, info =  9.73e-08,  7.26e-08,  3.44e-06,  1.42e+01,  1.39e-07
k1 =    0, k2 =    6, k3 =   31, k4 =   25, info =  9.73e-08,  7.26e-08,  3.44e-06,  1.42e+01,  1.39e-07
k1 =    0, k2 =    6, k3 =   32, k4 =   46, info =  9.73e-08,  7.50e-08,  3.44e-06,  1.39e+01,  1.74e-07
k1 =    0, k2 =    6, k3 =   33, k4 =   47, info =  9.73e-08,  7.50e-08,  3.44e-06,  1.39e+01,  1.74e-07
k1 =    0, k2 =    6, k3 =   34, k4 =   44, info =  9.73e-08,  7.50e-08,  3.44e-06,  1.39e+01,  1.74e-07
k1 =    0, k2 =    6, k3 =   35, k4 =   45, info =  9.73e-08,  7.50e-08,  3.44e-06,  1.39e+01,  1.74e-07
k1 =    0, k2 =    6, k3 =   36, k4 =   34, info =  9.73e-08,  7.50e-08,  3.44e-06,  1.39e+01,  1.74e-07
k1 =    0, k2 =    6, k3 =   37, k4 =   35, info =  9.73e-08,  7.50e-08,  3.44e-06,  1.39e+01,  1.74e-07
k1 =    0, k2 =    6, k3 =   38, k4 =   32, info =  9.73e-08,  7.50e-08,  3.44e-06,  1.39e+01,  1.74e-07
k1 =    0, k2 =    6, k3 =   39, k4 =   33, info =  9.73e-08,  7.50e-08,  3.44e-06,  1.39e+01,  1.74e-07
k1 =    0, k2 =    6, k3 =   40, k4 =   38, info =  9.73e-08,  9.17e-08,  3.44e-06,  1.35e+01,  8.33e-08
k1 =    0, k2 =    6, k3 =   41, k4 =   39, info =  9.73e-08,  9.17e-08,  3.44e-06,  1.35e+01,  8.33e-08
k1 =    0, k2 =    6, k3 =   42, k4 =   36, info =  9.73e-08,  9.17e-08,  3.44e-06,  1.35e+01,  8.33e-08
k1 =    0, k2 =    6, k3 =   43, k4 =   37, info =  9.73e-08,  9.17e-08,  3.44e-06,  1.35e+01,  8.33e-08
k1 =    0, k2 =    6, k3 =   44, k4 =   42, info =  9.73e-08,  9.17e-08,  3.44e-06,  1.35e+01,  8.33e-08
k1 =    0, k2 =    6, k3 =   45, k4 =   43, info =  9.73e-08,  9.17e-08,  3.44e-06,  1.35e+01,  8.33e-08
k1 =    0, k2 =    6, k3 =   46, k4 =   40, info =  9.73e-08,  9.17e-08,  3.44e-06,  1.35e+01,  8.33e-08
k1 =    0, k2 =    6, k3 =   47, k4 =   41, info =  9.73e-08,  9.17e-08,  3.44e-06,  1.35e+01,  8.33e-08
k1 =    0, k2 =    6, k3 =   48, k4 =   62, info =  9.73e-08,  9.62e-08,  3.44e-06,  1.47e+01,  5.16e-08
k1 =    0, k2 =    6, k3 =   49, k4 =   63, info =  9.73e-08,  9.62e-08,  3.44e-06,  1.47e+01,  5.16e-08
k1 =    0, k2 =    6, k3 =   50, k4 =   60, info =  9.73e-08,  9.62e-08,  3.44e-06,  1.47e+01,  5.16e-08
k1 =    0, k2 =    6, k3 =   51, k4 =   61, info =  9.73e-08,  9.62e-08,  3.44e-06,  1.47e+01,  5.16e-08
k1 =    0, k2 =    6, k3 =   52, k4 =   50, info =  9.73e-08,  9.69e-08,  3.44e-06,  1.47e+01,  5.21e-08
k1 =    0, k2 =    6, k3 =   53, k4 =   51, info =  9.73e-08,  9.69e-08,  3.44e-06,  1.47e+01,  5.21e-08
k1 =    0, k2 =    6, k3 =   54, k4 =   48, info =  9.73e-08,  9.69e-08,  3.44e-06,  1.47e+01,  5.21e-08
k1 =    0, k2 =    6, k3 =   55, k4 =   49, info =  9.73e-08,  9.69e-08,  3.44e-06,  1.47e+01,  5.21e-08
k1 =    0, k2 =    6, k3 =   56, k4 =   54, info =  9.73e-08,  7.26e-08,  3.44e-06,  1.42e+01,  1.39e-07
k1 =    0, k2 =    6, k3 =   57, k4 =   55, info =  9.73e-08,  7.26e-08,  3.44e-06,  1.42e+01,  1.39e-07
k1 =    0, k2 =    6, k3 =   58, k4 =   52, info =  9.73e-08,  7.26e-08,  3.44e-06,  1.42e+01,  1.39e-07
k1 =    0, k2 =    6, k3 =   59, k4 =   53, info =  9.73e-08,  7.26e-08,  3.44e-06,  1.42e+01,  1.39e-07
k1 =    0, k2 =    6, k3 =   60, k4 =   58, info =  9.73e-08,  7.33e-08,  3.44e-06,  1.42e+01,  1.41e-07
k1 =    0, k2 =    6, k3 =   61, k4 =   59, info =  9.73e-08,  7.33e-08,  3.44e-06,  1.42e+01,  1.41e-07
k1 =    0, k2 =    6, k3 =   62, k4 =   56, info =  9.73e-08,  7.33e-08,  3.44e-06,  1.42e+01,  1.41e-07
k1 =    0, k2 =    6, k3 =   63, k4 =   57, info =  9.73e-08,  7.33e-08,  3.44e-06,  1.42e+01,  1.41e-07
k1 =    0, k2 =    7, k3 =    0, k4 =   13, info =  9.72e-08,  9.72e-08,  3.47e-06,  1.55e+01,  2.33e-07
k1 =    0, k2 =    7, k3 =    1, k4 =   14, info =  9.72e-08,  9.72e-08,  3.47e-06,  1.55e+01,  2.33e-07
k1 =    0, k2 =    7, k3 =    2, k4 =   15, info =  9.72e-08,  9.72e-08,  3.47e-06,  1.55e+01,  2.33e-07
k1 =    0, k2 =    7, k3 =    3, k4 =   12, info =  9.72e-08,  9.72e-08,  3.47e-06,  1.55e+01,  2.33e-07
k1 =    0, k2 =    7, k3 =    4, k4 =    1, info =  9.72e-08,  9.72e-08,  3.47e-06,  1.55e+01,  2.33e-07
k1 =    0, k2 =    7, k3 =    5, k4 =    2, info =  9.72e-08,  9.72e-08,  3.47e-06,  1.55e+01,  2.33e-07
k1 =    0, k2 =    7, k3 =    6, k4 =    3, info =  9.72e-08,  9.72e-08,  3.47e-06,  1.55e+01,  2.33e-07
k1 =    0, k2 =    7, k3 =    7, k4 =    0, info =  9.72e-08,  9.72e-08,  3.47e-06,  1.55e+01,  2.33e-07
k1 =    0, k2 =    7, k3 =    8, k4 =    5, info =  9.72e-08,  6.17e-08,  3.47e-06,  1.50e+01,  1.02e-07
k1 =    0, k2 =    7, k3 =    9, k4 =    6, info =  9.72e-08,  6.17e-08,  3.47e-06,  1.50e+01,  1.02e-07
k1 =    0, k2 =    7, k3 =   10, k4 =    7, info =  9.72e-08,  6.17e-08,  3.47e-06,  1.50e+01,  1.02e-07
k1 =    0, k2 =    7, k3 =   11, k4 =    4, info =  9.72e-08,  6.17e-08,  3.47e-06,  1.50e+01,  1.02e-07
k1 =    0, k2 =    7, k3 =   12, k4 =    9, info =  9.72e-08,  6.17e-08,  3.47e-06,  1.50e+01,  1.02e-07
k1 =    0, k2 =    7, k3 =   13, k4 =   10, info =  9.72e-08,  6.17e-08,  3.47e-06,  1.50e+01,  1.02e-07
k1 =    0, k2 =    7, k3 =   14, k4 =   11, info =  9.72e-08,  6.17e-08,  3.47e-06,  1.50e+01,  1.02e-07
k1 =    0, k2 =    7, k3 =   15, k4 =    8, info =  9.72e-08,  6.17e-08,  3.47e-06,  1.50e+01,  1.02e-07
k1 =    0, k2 =    7, k3 =   16, k4 =   29, info =  9.72e-08,  9.70e-08,  3.47e-06,  1.47e+01,  5.59e-08
k1 =    0, k2 =    7, k3 =   17, k4 =   30, info =  9.72e-08,  9.70e-08,  3.47e-06,  1.47e+01,  5.60e-08
k1 =    0, k2 =    7, k3 =   18, k4 =   31, info =  9.72e-08,  9.70e-08,  3.47e-06,  1.47e+01,  5.60e-08
k1 =    0, k2 =    7, k3 =   19, k4 =   28, info =  9.72e-08,  9.70e-08,  3.47e-06,  1.47e+01,  5.59e-08
k1 =    0, k2 =    7, k3 =   20, k4 =   17, info =  9.72e-08,  9.62e-08,  3.47e-06,  1.47e+01,  5.55e-08
k1 =    0, k2 =    7, k3 =   21, k4 =   18, info =  9.72e-08,  9.62e-08,  3.47e-06,  1.47e+01,  5.56e-08
k1 =    0, k2 =    7, k3 =   22, k4 =   19, info =  9.72e-08,  9.62e-08,  3.47e-06,  1.47e+01,  5.56e-08
k1 =    0, k2 =    7, k3 =   23, k4 =   16, info =  9.72e-08,  9.62e-08,  3.47e-06,  1.47e+01,  5.55e-08
k1 =    0, k2 =    7, k3 =   24, k4 =   21, info =  9.72e-08,  7.32e-08,  3.47e-06,  1.43e+01,  1.54e-07
k1 =    0, k2 =    7, k3 =   25, k4 =   22, info =  9.72e-08,  7.32e-08,  3.47e-06,  1.43e+01,  1.54e-07
k1 =    0, k2 =    7, k3 =   26, k4 =   23, info =  9.72e-08,  7.32e-08,  3.47e-06,  1.43e+01,  1.54e-07
k1 =    0, k2 =    7, k3 =   27, k4 =   20, info =  9.72e-08,  7.32e-08,  3.47e-06,  1.43e+01,  1.54e-07
k1 =    0, k2 =    7, k3 =   28, k4 =   25, info =  9.72e-08,  7.25e-08,  3.47e-06,  1.43e+01,  1.53e-07
k1 =    0, k2 =    7, k3 =   29, k4 =   26, info =  9.72e-08,  7.25e-08,  3.47e-06,  1.43e+01,  1.53e-07
k1 =    0, k2 =    7, k3 =   30, k4 =   27, info =  9.72e-08,  7.25e-08,  3.47e-06,  1.43e+01,  1.53e-07
k1 =    0, k2 =    7, k3 =   31, k4 =   24, info =  9.72e-08,  7.25e-08,  3.47e-06,  1.43e+01,  1.53e-07
k1 =    0, k2 =    7, k3 =   32, k4 =   45, info =  9.72e-08,  7.49e-08,  3.47e-06,  1.39e+01,  1.90e-07
k1 =    0, k2 =    7, k3 =   33, k4 =   46, info =  9.72e-08,  7.49e-08,  3.47e-06,  1.39e+01,  1.90e-07
k1 =    0, k2 =    7, k3 =   34, k4 =   47, info =  9.72e-08,  7.49e-08,  3.47e-06,  1.39e+01,  1.90e-07
k1 =    0, k2 =    7, k3 =   35, k4 =   44, info =  9.72e-08,  7.49e-08,  3.47e-06,  1.39e+01,  1.90e-07
k1 =    0, k2 =    7, k3 =   36, k4 =   33, info =  9.72e-08,  7.49e-08,  3.47e-06,  1.39e+01,  1.90e-07
k1 =    0, k2 =    7, k3 =   37, k4 =   34, info =  9.72e-08,  7.49e-08,  3.47e-06,  1.39e+01,  1.90e-07
k1 =    0, k2 =    7, k3 =   38, k4 =   35, info =  9.72e-08,  7.49e-08,  3.47e-06,  1.39e+01,  1.90e-07
k1 =    0, k2 =    7, k3 =   39, k4 =   32, info =  9.72e-08,  7.49e-08,  3.47e-06,  1.39e+01,  1.90e-07
k1 =    0, k2 =    7, k3 =   40, k4 =   37, info =  9.72e-08,  9.17e-08,  3.47e-06,  1.36e+01,  8.60e-08
k1 =    0, k2 =    7, k3 =   41, k4 =   38, info =  9.72e-08,  9.17e-08,  3.47e-06,  1.36e+01,  8.60e-08
k1 =    0, k2 =    7, k3 =   42, k4 =   39, info =  9.72e-08,  9.17e-08,  3.47e-06,  1.36e+01,  8.60e-08
k1 =    0, k2 =    7, k3 =   43, k4 =   36, info =  9.72e-08,  9.17e-08,  3.47e-06,  1.36e+01,  8.60e-08
k1 =    0, k2 =    7, k3 =   44, k4 =   41, info =  9.72e-08,  9.17e-08,  3.47e-06,  1.36e+01,  8.60e-08
k1 =    0, k2 =    7, k3 =   45, k4 =   42, info =  9.72e-08,  9.17e-08,  3.47e-06,  1.36e+01,  8.60e-08
k1 =    0, k2 =    7, k3 =   46, k4 =   43, info =  9.72e-08,  9.17e-08,  3.47e-06,  1.36e+01,  8.60e-08
k1 =    0, k2 =    7, k3 =   47, k4 =   40, info =  9.72e-08,  9.17e-08,  3.47e-06,  1.36e+01,  8.60e-08
k1 =    0, k2 =    7, k3 =   48, k4 =   61, info =  9.72e-08,  9.62e-08,  3.47e-06,  1.47e+01,  5.55e-08
k1 =    0, k2 =    7, k3 =   49, k4 =   62, info =  9.72e-08,  9.62e-08,  3.47e-06,  1.47e+01,  5.56e-08
k1 =    0, k2 =    7, k3 =   50, k4 =   63, info =  9.72e-08,  9.62e-08,  3.47e-06,  1.47e+01,  5.56e-08
k1 =    0, k2 =    7, k3 =   51, k4 =   60, info =  9.72e-08,  9.62e-08,  3.47e-06,  1.47e+01,  5.55e-08
k1 =    0, k2 =    7, k3 =   52, k4 =   49, info =  9.72e-08,  9.70e-08,  3.47e-06,  1.47e+01,  5.59e-08
k1 =    0, k2 =    7, k3 =   53, k4 =   50, info =  9.72e-08,  9.70e-08,  3.47e-06,  1.47e+01,  5.60e-08
k1 =    0, k2 =    7, k3 =   54, k4 =   51, info =  9.72e-08,  9.70e-08,  3.47e-06,  1.47e+01,  5.60e-08
k1 =    0, k2 =    7, k3 =   55, k4 =   48, info =  9.72e-08,  9.70e-08,  3.47e-06,  1.47e+01,  5.59e-08
k1 =    0, k2 =    7, k3 =   56, k4 =   53, info =  9.72e-08,  7.25e-08,  3.47e-06,  1.43e+01,  1.53e-07
k1 =    0, k2 =    7, k3 =   57, k4 =   54, info =  9.72e-08,  7.25e-08,  3.47e-06,  1.43e+01,  1.53e-07
k1 =    0, k2 =    7, k3 =   58, k4 =   55, info =  9.72e-08,  7.25e-08,  3.47e-06,  1.43e+01,  1.53e-07
k1 =    0, k2 =    7, k3 =   59, k4 =   52, info =  9.72e-08,  7.25e-08,  3.47e-06,  1.43e+01,  1.53e-07
k1 =    0, k2 =    7, k3 =   60, k4 =   57, info =  9.72e-08,  7.32e-08,  3.47e-06,  1.43e+01,  1.54e-07
k1 =    0, k2 =    7, k3 =   61, k4 =   58, info =  9.72e-08,  7.32e-08,  3.47e-06,  1.43e+01,  1.54e-07
k1 =    0, k2 =    7, k3 =   62, k4 =   59, info =  9.72e-08,  7.32e-08,  3.47e-06,  1.43e+01,  1.54e-07
k1 =    0, k2 =    7, k3 =   63, k4 =   56, info =  9.72e-08,  7.32e-08,  3.47e-06,  1.43e+01,  1.54e-07
k1 =    0, k2 =    8, k3 =    0, k4 =    8, info =  9.39e-08,  9.39e-08,  3.24e-06,  3.24e-06,  6.67e-08
k1 =    0, k2 =    8, k3 =    1, k4 =    9, info =  9.39e-08,  9.39e-08,  3.24e-06,  3.24e-06,  6.67e-08
k1 =    0, k2 =    8, k3 =    2, k4 =   10, info =  9.39e-08,  9.39e-08,  3.24e-06,  3.24e-06,  6.67e-08
k1 =    0, k2 =    8, k3 =    3, k4 =   11, info =  9.39e-08,  9.39e-08,  3.24e-06,  3.24e-06,  6.67e-08
k1 =    0, k2 =    8, k3 =    4, k4 =   12, info =  9.39e-08,  1.88e-07,  3.24e-06,  7.07e-06,  4.10e-08
k1 =    0, k2 =    8, k3 =    5, k4 =   13, info =  9.39e-08,  1.88e-07,  3.24e-06,  7.07e-06,  4.10e-08
k1 =    0, k2 =    8, k3 =    6, k4 =   14, info =  9.39e-08,  1.88e-07,  3.24e-06,  7.07e-06,  4.10e-08
k1 =    0, k2 =    8, k3 =    7, k4 =   15, info =  9.39e-08,  1.88e-07,  3.24e-06,  7.07e-06,  4.10e-08
k1 =    0, k2 =    8, k3 =    8, k4 =    0, info =  9.39e-08,  9.39e-08,  3.24e-06,  3.24e-06,  6.67e-08
k1 =    0, k2 =    8, k3 =    9, k4 =    1, info =  9.39e-08,  9.39e-08,  3.24e-06,  3.24e-06,  6.67e-08
k1 =    0, k2 =    8, k3 =   10, k4 =    2, info =  9.39e-08,  9.39e-08,  3.24e-06,  3.24e-06,  6.67e-08
k1 =    0, k2 =    8, k3 =   11, k4 =    3, info =  9.39e-08,  9.39e-08,  3.24e-06,  3.24e-06,  6.67e-08
k1 =    0, k2 =    8, k3 =   12, k4 =    4, info =  9.39e-08,  1.88e-07,  3.24e-06,  7.07e-06,  4.10e-08
k1 =    0, k2 =    8, k3 =   13, k4 =    5, info =  9.39e-08,  1.88e-07,  3.24e-06,  7.07e-06,  4.10e-08
k1 =    0, k2 =    8, k3 =   14, k4 =    6, info =  9.39e-08,  1.88e-07,  3.24e-06,  7.07e-06,  4.10e-08
k1 =    0, k2 =    8, k3 =   15, k4 =    7, info =  9.39e-08,  1.88e-07,  3.24e-06,  7.07e-06,  4.10e-08
k1 =    0, k2 =    8, k3 =   16, k4 =   24, info =  9.39e-08,  6.03e-08,  3.24e-06,  1.71e-06,  3.83e-08
k1 =    0, k2 =    8, k3 =   17, k4 =   25, info =  9.39e-08,  6.03e-08,  3.24e-06,  1.73e-06,  3.83e-08
k1 =    0, k2 =    8, k3 =   18, k4 =   26, info =  9.39e-08,  6.03e-08,  3.24e-06,  1.71e-06,  3.83e-08
k1 =    0, k2 =    8, k3 =   19, k4 =   27, info =  9.39e-08,  6.03e-08,  3.24e-06,  1.71e-06,  3.83e-08
k1 =    0, k2 =    8, k3 =   20, k4 =   28, info =  9.39e-08,  1.10e-07,  3.24e-06,  4.17e-06,  5.71e-08
k1 =    0, k2 =    8, k3 =   21, k4 =   29, info =  9.39e-08,  1.10e-07,  3.24e-06,  4.17e-06,  5.71e-08
k1 =    0, k2 =    8, k3 =   22, k4 =   30, info =  9.39e-08,  1.10e-07,  3.24e-06,  4.17e-06,  5.71e-08
k1 =    0, k2 =    8, k3 =   23, k4 =   31, info =  9.39e-08,  1.10e-07,  3.24e-06,  4.17e-06,  5.71e-08
k1 =    0, k2 =    8, k3 =   24, k4 =   16, info =  9.39e-08,  6.03e-08,  3.24e-06,  1.71e-06,  3.83e-08
slurmstepd: error: *** JOB 546435 ON pauling034 CANCELLED AT 2024-08-13T17:16:53 ***
